<?xml version="1.0" encoding="UTF-8" ?>
<testsuite failures="0" time="0.415" errors="0" skipped="0" tests="2" name="com.itheima.oa.test.PersonTest">
  <properties>
    <property name="java.runtime.name" value="Java(TM) SE Runtime Environment"/>
    <property name="sun.boot.library.path" value="E:\myeclipse\Common\binary\com.sun.java.jdk.win32.x86_1.6.0.013\jre\bin"/>
    <property name="java.vm.version" value="11.3-b02"/>
    <property name="java.vm.vendor" value="Sun Microsystems Inc."/>
    <property name="java.vendor.url" value="http://java.sun.com/"/>
    <property name="path.separator" value=";"/>
    <property name="guice.disable.misplaced.annotation.check" value="true"/>
    <property name="java.vm.name" value="Java HotSpot(TM) Client VM"/>
    <property name="file.encoding.pkg" value="sun.io"/>
    <property name="user.country" value="CN"/>
    <property name="sun.java.launcher" value="SUN_STANDARD"/>
    <property name="sun.os.patch.level" value="Service Pack 1"/>
    <property name="java.vm.specification.name" value="Java Virtual Machine Specification"/>
    <property name="user.dir" value="E:\Workspaces\com.itheima.oa"/>
    <property name="java.runtime.version" value="1.6.0_13-b03"/>
    <property name="java.awt.graphicsenv" value="sun.awt.Win32GraphicsEnvironment"/>
    <property name="java.endorsed.dirs" value="E:\myeclipse\Common\binary\com.sun.java.jdk.win32.x86_1.6.0.013\jre\lib\endorsed"/>
    <property name="os.arch" value="x86"/>
    <property name="java.io.tmpdir" value="C:\Users\ADMINI~1\AppData\Local\Temp\"/>
    <property name="line.separator" value="
"/>
    <property name="java.vm.specification.vendor" value="Sun Microsystems Inc."/>
    <property name="user.variant" value=""/>
    <property name="os.name" value="Windows Vista"/>
    <property name="classworlds.conf" value="E:\Workspaces\.metadata\.plugins\org.eclipse.m2e.core\launches\m2conf2807489611706398798.tmp"/>
    <property name="sun.jnu.encoding" value="GBK"/>
    <property name="java.library.path" value="E:\myeclipse\Common\binary\com.sun.java.jdk.win32.x86_1.6.0.013\bin;.;C:\Windows\Sun\Java\bin;C:\Windows\system32;C:\Windows;E:/myeclipse/Common/binary/com.sun.java.jdk.win32.x86_1.6.0.013/jre/bin/client;E:/myeclipse/Common/binary/com.sun.java.jdk.win32.x86_1.6.0.013/jre/bin;E:/myeclipse/Common/binary/com.sun.java.jdk.win32.x86_1.6.0.013/jre/lib/i386;C:\Windows\system32;C:\Windows;C:\Windows\System32\Wbem;C:\Windows\System32\WindowsPowerShell\v1.0\;C:\Program Files\Intel\OpenCL SDK\2.0\bin\x86;C:\java\jdk1.7.1_71\bin;C:\java\jdk1.7.1_71\jre\bin;C:\Program Files\MySQL\MySQL Server 5.5\bin;C:\apache-tomcat-7.0.56\bin;C:\Program Files\TortoiseGit\bin;E:\apache-maven-3.2.3\bin;"/>
    <property name="java.specification.name" value="Java Platform API Specification"/>
    <property name="java.class.version" value="50.0"/>
    <property name="sun.management.compiler" value="HotSpot Client Compiler"/>
    <property name="os.version" value="6.1"/>
    <property name="user.home" value="C:\Users\Administrator"/>
    <property name="user.timezone" value="Asia/Shanghai"/>
    <property name="java.awt.printerjob" value="sun.awt.windows.WPrinterJob"/>
    <property name="file.encoding" value="GBK"/>
    <property name="java.specification.version" value="1.6"/>
    <property name="user.name" value="Administrator"/>
    <property name="java.class.path" value="E:\apache-maven-3.2.3\boot\plexus-classworlds-2.5.1.jar"/>
    <property name="java.vm.specification.version" value="1.0"/>
    <property name="sun.arch.data.model" value="32"/>
    <property name="java.home" value="E:\myeclipse\Common\binary\com.sun.java.jdk.win32.x86_1.6.0.013\jre"/>
    <property name="java.specification.vendor" value="Sun Microsystems Inc."/>
    <property name="user.language" value="zh"/>
    <property name="awt.toolkit" value="sun.awt.windows.WToolkit"/>
    <property name="java.vm.info" value="mixed mode"/>
    <property name="java.version" value="1.6.0_13"/>
    <property name="java.ext.dirs" value="E:\myeclipse\Common\binary\com.sun.java.jdk.win32.x86_1.6.0.013\jre\lib\ext;C:\Windows\Sun\Java\lib\ext"/>
    <property name="sun.boot.class.path" value="E:\myeclipse\Common\binary\com.sun.java.jdk.win32.x86_1.6.0.013\jre\lib\resources.jar;E:\myeclipse\Common\binary\com.sun.java.jdk.win32.x86_1.6.0.013\jre\lib\rt.jar;E:\myeclipse\Common\binary\com.sun.java.jdk.win32.x86_1.6.0.013\jre\lib\sunrsasign.jar;E:\myeclipse\Common\binary\com.sun.java.jdk.win32.x86_1.6.0.013\jre\lib\jsse.jar;E:\myeclipse\Common\binary\com.sun.java.jdk.win32.x86_1.6.0.013\jre\lib\jce.jar;E:\myeclipse\Common\binary\com.sun.java.jdk.win32.x86_1.6.0.013\jre\lib\charsets.jar;E:\myeclipse\Common\binary\com.sun.java.jdk.win32.x86_1.6.0.013\jre\classes"/>
    <property name="java.vendor" value="Sun Microsystems Inc."/>
    <property name="maven.home" value="E:\apache-maven-3.2.3"/>
    <property name="file.separator" value="\"/>
    <property name="java.vendor.url.bug" value="http://java.sun.com/cgi-bin/bugreport.cgi"/>
    <property name="sun.cpu.endian" value="little"/>
    <property name="sun.io.unicode.encoding" value="UnicodeLittle"/>
    <property name="sun.desktop" value="windows"/>
    <property name="sun.cpu.isalist" value="pentium_pro+mmx pentium_pro pentium+mmx pentium i486 i386 i86"/>
  </properties>
  <testcase time="0.415" classname="com.itheima.oa.test.PersonTest" name="testPersonService"/>
  <testcase time="0" classname="com.itheima.oa.test.PersonTest" name="testPersonAction"/>
</testsuite>